<?xml version="1.0" encoding="UTF-8"?>
<testsuite xmlns:xsi="http://www.w3.org/2001/XMLSchema-instance" xsi:noNamespaceSchemaLocation="https://maven.apache.org/surefire/maven-surefire-plugin/xsd/surefire-test-report-3.0.xsd" version="3.0" name="org.iop.code_test_vaadin.FruitStandTests" time="0.002" tests="1" errors="0" skipped="0" failures="0">
  <properties>
    <property name="java.specification.version" value="21"/>
    <property name="sun.jnu.encoding" value="UTF-8"/>
    <property name="java.class.path" value="/mnt/c/wsl-share/code-dev/code-test/target/test-classes:/mnt/c/wsl-share/code-dev/code-test/target/classes:/home/otasowie/.m2/repository/org/springframework/boot/spring-boot-starter-data-jpa/3.3.5/spring-boot-starter-data-jpa-3.3.5.jar:/home/otasowie/.m2/repository/org/springframework/boot/spring-boot-starter-aop/3.3.5/spring-boot-starter-aop-3.3.5.jar:/home/otasowie/.m2/repository/org/springframework/spring-aop/6.1.14/spring-aop-6.1.14.jar:/home/otasowie/.m2/repository/org/aspectj/aspectjweaver/1.9.22.1/aspectjweaver-1.9.22.1.jar:/home/otasowie/.m2/repository/org/springframework/boot/spring-boot-starter-jdbc/3.3.5/spring-boot-starter-jdbc-3.3.5.jar:/home/otasowie/.m2/repository/com/zaxxer/HikariCP/5.1.0/HikariCP-5.1.0.jar:/home/otasowie/.m2/repository/org/springframework/spring-jdbc/6.1.14/spring-jdbc-6.1.14.jar:/home/otasowie/.m2/repository/org/hibernate/orm/hibernate-core/6.5.3.Final/hibernate-core-6.5.3.Final.jar:/home/otasowie/.m2/repository/jakarta/persistence/jakarta.persistence-api/3.1.0/jakarta.persistence-api-3.1.0.jar:/home/otasowie/.m2/repository/jakarta/transaction/jakarta.transaction-api/2.0.1/jakarta.transaction-api-2.0.1.jar:/home/otasowie/.m2/repository/org/jboss/logging/jboss-logging/3.5.3.Final/jboss-logging-3.5.3.Final.jar:/home/otasowie/.m2/repository/org/hibernate/common/hibernate-commons-annotations/6.0.6.Final/hibernate-commons-annotations-6.0.6.Final.jar:/home/otasowie/.m2/repository/io/smallrye/jandex/3.1.2/jandex-3.1.2.jar:/home/otasowie/.m2/repository/com/fasterxml/classmate/1.7.0/classmate-1.7.0.jar:/home/otasowie/.m2/repository/net/bytebuddy/byte-buddy/1.14.19/byte-buddy-1.14.19.jar:/home/otasowie/.m2/repository/org/glassfish/jaxb/jaxb-runtime/4.0.5/jaxb-runtime-4.0.5.jar:/home/otasowie/.m2/repository/org/glassfish/jaxb/jaxb-core/4.0.5/jaxb-core-4.0.5.jar:/home/otasowie/.m2/repository/org/eclipse/angus/angus-activation/2.0.2/angus-activation-2.0.2.jar:/home/otasowie/.m2/repository/org/glassfish/jaxb/txw2/4.0.5/txw2-4.0.5.jar:/home/otasowie/.m2/repository/com/sun/istack/istack-commons-runtime/4.1.2/istack-commons-runtime-4.1.2.jar:/home/otasowie/.m2/repository/jakarta/inject/jakarta.inject-api/2.0.1/jakarta.inject-api-2.0.1.jar:/home/otasowie/.m2/repository/org/antlr/antlr4-runtime/4.13.0/antlr4-runtime-4.13.0.jar:/home/otasowie/.m2/repository/org/springframework/data/spring-data-jpa/3.3.5/spring-data-jpa-3.3.5.jar:/home/otasowie/.m2/repository/org/springframework/data/spring-data-commons/3.3.5/spring-data-commons-3.3.5.jar:/home/otasowie/.m2/repository/org/springframework/spring-orm/6.1.14/spring-orm-6.1.14.jar:/home/otasowie/.m2/repository/org/springframework/spring-context/6.1.14/spring-context-6.1.14.jar:/home/otasowie/.m2/repository/org/springframework/spring-tx/6.1.14/spring-tx-6.1.14.jar:/home/otasowie/.m2/repository/org/springframework/spring-beans/6.1.14/spring-beans-6.1.14.jar:/home/otasowie/.m2/repository/jakarta/annotation/jakarta.annotation-api/2.1.1/jakarta.annotation-api-2.1.1.jar:/home/otasowie/.m2/repository/org/slf4j/slf4j-api/2.0.16/slf4j-api-2.0.16.jar:/home/otasowie/.m2/repository/org/springframework/spring-aspects/6.1.14/spring-aspects-6.1.14.jar:/home/otasowie/.m2/repository/org/springframework/boot/spring-boot-starter-web/3.3.5/spring-boot-starter-web-3.3.5.jar:/home/otasowie/.m2/repository/org/springframework/boot/spring-boot-starter/3.3.5/spring-boot-starter-3.3.5.jar:/home/otasowie/.m2/repository/org/springframework/boot/spring-boot-starter-logging/3.3.5/spring-boot-starter-logging-3.3.5.jar:/home/otasowie/.m2/repository/ch/qos/logback/logback-classic/1.5.11/logback-classic-1.5.11.jar:/home/otasowie/.m2/repository/ch/qos/logback/logback-core/1.5.11/logback-core-1.5.11.jar:/home/otasowie/.m2/repository/org/apache/logging/log4j/log4j-to-slf4j/2.23.1/log4j-to-slf4j-2.23.1.jar:/home/otasowie/.m2/repository/org/apache/logging/log4j/log4j-api/2.23.1/log4j-api-2.23.1.jar:/home/otasowie/.m2/repository/org/slf4j/jul-to-slf4j/2.0.16/jul-to-slf4j-2.0.16.jar:/home/otasowie/.m2/repository/org/springframework/boot/spring-boot-starter-json/3.3.5/spring-boot-starter-json-3.3.5.jar:/home/otasowie/.m2/repository/com/fasterxml/jackson/core/jackson-databind/2.17.2/jackson-databind-2.17.2.jar:/home/otasowie/.m2/repository/com/fasterxml/jackson/core/jackson-annotations/2.17.2/jackson-annotations-2.17.2.jar:/home/otasowie/.m2/repository/com/fasterxml/jackson/core/jackson-core/2.17.2/jackson-core-2.17.2.jar:/home/otasowie/.m2/repository/com/fasterxml/jackson/datatype/jackson-datatype-jdk8/2.17.2/jackson-datatype-jdk8-2.17.2.jar:/home/otasowie/.m2/repository/com/fasterxml/jackson/datatype/jackson-datatype-jsr310/2.17.2/jackson-datatype-jsr310-2.17.2.jar:/home/otasowie/.m2/repository/com/fasterxml/jackson/module/jackson-module-parameter-names/2.17.2/jackson-module-parameter-names-2.17.2.jar:/home/otasowie/.m2/repository/org/springframework/boot/spring-boot-starter-tomcat/3.3.5/spring-boot-starter-tomcat-3.3.5.jar:/home/otasowie/.m2/repository/org/apache/tomcat/embed/tomcat-embed-core/10.1.31/tomcat-embed-core-10.1.31.jar:/home/otasowie/.m2/repository/org/apache/tomcat/embed/tomcat-embed-el/10.1.31/tomcat-embed-el-10.1.31.jar:/home/otasowie/.m2/repository/org/apache/tomcat/embed/tomcat-embed-websocket/10.1.31/tomcat-embed-websocket-10.1.31.jar:/home/otasowie/.m2/repository/org/springframework/spring-web/6.1.14/spring-web-6.1.14.jar:/home/otasowie/.m2/repository/io/micrometer/micrometer-observation/1.13.6/micrometer-observation-1.13.6.jar:/home/otasowie/.m2/repository/io/micrometer/micrometer-commons/1.13.6/micrometer-commons-1.13.6.jar:/home/otasowie/.m2/repository/org/springframework/spring-webmvc/6.1.14/spring-webmvc-6.1.14.jar:/home/otasowie/.m2/repository/org/springframework/spring-expression/6.1.14/spring-expression-6.1.14.jar:/home/otasowie/.m2/repository/com/vaadin/vaadin-spring-boot-starter/24.5.2/vaadin-spring-boot-starter-24.5.2.jar:/home/otasowie/.m2/repository/com/vaadin/vaadin-spring/24.5.2/vaadin-spring-24.5.2.jar:/home/otasowie/.m2/repository/com/vaadin/flow-server/24.5.2/flow-server-24.5.2.jar:/home/otasowie/.m2/repository/com/vaadin/servletdetector/throw-if-servlet3/1.0.2/throw-if-servlet3-1.0.2.jar:/home/otasowie/.m2/repository/com/vaadin/external/gwt/gwt-elemental/2.8.2.vaadin2/gwt-elemental-2.8.2.vaadin2.jar:/home/otasowie/.m2/repository/org/apache/commons/commons-fileupload2-jakarta/2.0.0-M1/commons-fileupload2-jakarta-2.0.0-M1.jar:/home/otasowie/.m2/repository/org/apache/commons/commons-fileupload2-core/2.0.0-M1/commons-fileupload2-core-2.0.0-M1.jar:/home/otasowie/.m2/repository/commons-io/commons-io/2.17.0/commons-io-2.17.0.jar:/home/otasowie/.m2/repository/org/jsoup/jsoup/1.18.1/jsoup-1.18.1.jar:/home/otasowie/.m2/repository/com/helger/ph-css/7.0.2/ph-css-7.0.2.jar:/home/otasowie/.m2/repository/com/helger/commons/ph-commons/11.1.5/ph-commons-11.1.5.jar:/home/otasowie/.m2/repository/org/ow2/asm/asm/9.7/asm-9.7.jar:/home/otasowie/.m2/repository/com/vaadin/external/gentyref/1.2.0.vaadin1/gentyref-1.2.0.vaadin1.jar:/home/otasowie/.m2/repository/org/apache/commons/commons-compress/1.27.1/commons-compress-1.27.1.jar:/home/otasowie/.m2/repository/commons-codec/commons-codec/1.16.1/commons-codec-1.16.1.jar:/home/otasowie/.m2/repository/com/vaadin/flow-push/24.5.2/flow-push-24.5.2.jar:/home/otasowie/.m2/repository/com/vaadin/external/atmosphere/atmosphere-runtime/3.0.5.slf4jvaadin1/atmosphere-runtime-3.0.5.slf4jvaadin1.jar:/home/otasowie/.m2/repository/com/vaadin/flow-client/24.5.2/flow-client-24.5.2.jar:/home/otasowie/.m2/repository/org/springframework/spring-websocket/6.1.14/spring-websocket-6.1.14.jar:/home/otasowie/.m2/repository/org/hibernate/validator/hibernate-validator/8.0.1.Final/hibernate-validator-8.0.1.Final.jar:/home/otasowie/.m2/repository/jakarta/validation/jakarta.validation-api/3.0.2/jakarta.validation-api-3.0.2.jar:/home/otasowie/.m2/repository/org/reflections/reflections/0.10.2/reflections-0.10.2.jar:/home/otasowie/.m2/repository/com/google/code/findbugs/jsr305/3.0.2/jsr305-3.0.2.jar:/home/otasowie/.m2/repository/org/javassist/javassist/3.30.2-GA/javassist-3.30.2-GA.jar:/home/otasowie/.m2/repository/com/vaadin/vaadin-core/24.5.2/vaadin-core-24.5.2.jar:/home/otasowie/.m2/repository/com/vaadin/vaadin-core-internal/24.5.2/vaadin-core-internal-24.5.2.jar:/home/otasowie/.m2/repository/com/vaadin/flow-lit-template/24.5.2/flow-lit-template-24.5.2.jar:/home/otasowie/.m2/repository/com/vaadin/flow-react/24.5.2/flow-react-24.5.2.jar:/home/otasowie/.m2/repository/com/vaadin/flow-html-components/24.5.2/flow-html-components-24.5.2.jar:/home/otasowie/.m2/repository/com/vaadin/flow-data/24.5.2/flow-data-24.5.2.jar:/home/otasowie/.m2/repository/com/vaadin/flow-dnd/24.5.2/flow-dnd-24.5.2.jar:/home/otasowie/.m2/repository/com/vaadin/vaadin-lumo-theme/24.5.2/vaadin-lumo-theme-24.5.2.jar:/home/otasowie/.m2/repository/com/vaadin/vaadin-material-theme/24.5.2/vaadin-material-theme-24.5.2.jar:/home/otasowie/.m2/repository/com/vaadin/vaadin-accordion-flow/24.5.2/vaadin-accordion-flow-24.5.2.jar:/home/otasowie/.m2/repository/com/vaadin/vaadin-avatar-flow/24.5.2/vaadin-avatar-flow-24.5.2.jar:/home/otasowie/.m2/repository/com/vaadin/vaadin-flow-components-base/24.5.2/vaadin-flow-components-base-24.5.2.jar:/home/otasowie/.m2/repository/com/vaadin/vaadin-button-flow/24.5.2/vaadin-button-flow-24.5.2.jar:/home/otasowie/.m2/repository/com/vaadin/vaadin-checkbox-flow/24.5.2/vaadin-checkbox-flow-24.5.2.jar:/home/otasowie/.m2/repository/com/vaadin/vaadin-combo-box-flow/24.5.2/vaadin-combo-box-flow-24.5.2.jar:/home/otasowie/.m2/repository/com/vaadin/vaadin-confirm-dialog-flow/24.5.2/vaadin-confirm-dialog-flow-24.5.2.jar:/home/otasowie/.m2/repository/com/vaadin/vaadin-custom-field-flow/24.5.2/vaadin-custom-field-flow-24.5.2.jar:/home/otasowie/.m2/repository/com/vaadin/vaadin-date-picker-flow/24.5.2/vaadin-date-picker-flow-24.5.2.jar:/home/otasowie/.m2/repository/com/vaadin/vaadin-date-time-picker-flow/24.5.2/vaadin-date-time-picker-flow-24.5.2.jar:/home/otasowie/.m2/repository/com/vaadin/vaadin-details-flow/24.5.2/vaadin-details-flow-24.5.2.jar:/home/otasowie/.m2/repository/com/vaadin/vaadin-time-picker-flow/24.5.2/vaadin-time-picker-flow-24.5.2.jar:/home/otasowie/.m2/repository/com/vaadin/vaadin-select-flow/24.5.2/vaadin-select-flow-24.5.2.jar:/home/otasowie/.m2/repository/com/vaadin/vaadin-side-nav-flow/24.5.2/vaadin-side-nav-flow-24.5.2.jar:/home/otasowie/.m2/repository/com/vaadin/vaadin-dialog-flow/24.5.2/vaadin-dialog-flow-24.5.2.jar:/home/otasowie/.m2/repository/com/vaadin/vaadin-form-layout-flow/24.5.2/vaadin-form-layout-flow-24.5.2.jar:/home/otasowie/.m2/repository/com/vaadin/vaadin-field-highlighter-flow/24.5.2/vaadin-field-highlighter-flow-24.5.2.jar:/home/otasowie/.m2/repository/com/vaadin/vaadin-grid-flow/24.5.2/vaadin-grid-flow-24.5.2.jar:/home/otasowie/.m2/repository/com/vaadin/vaadin-icons-flow/24.5.2/vaadin-icons-flow-24.5.2.jar:/home/otasowie/.m2/repository/com/vaadin/vaadin-virtual-list-flow/24.5.2/vaadin-virtual-list-flow-24.5.2.jar:/home/otasowie/.m2/repository/com/vaadin/vaadin-list-box-flow/24.5.2/vaadin-list-box-flow-24.5.2.jar:/home/otasowie/.m2/repository/com/vaadin/vaadin-login-flow/24.5.2/vaadin-login-flow-24.5.2.jar:/home/otasowie/.m2/repository/com/vaadin/vaadin-messages-flow/24.5.2/vaadin-messages-flow-24.5.2.jar:/home/otasowie/.m2/repository/com/vaadin/vaadin-ordered-layout-flow/24.5.2/vaadin-ordered-layout-flow-24.5.2.jar:/home/otasowie/.m2/repository/com/vaadin/vaadin-progress-bar-flow/24.5.2/vaadin-progress-bar-flow-24.5.2.jar:/home/otasowie/.m2/repository/com/vaadin/vaadin-popover-flow/24.5.2/vaadin-popover-flow-24.5.2.jar:/home/otasowie/.m2/repository/com/vaadin/vaadin-radio-button-flow/24.5.2/vaadin-radio-button-flow-24.5.2.jar:/home/otasowie/.m2/repository/com/vaadin/vaadin-renderer-flow/24.5.2/vaadin-renderer-flow-24.5.2.jar:/home/otasowie/.m2/repository/com/vaadin/vaadin-split-layout-flow/24.5.2/vaadin-split-layout-flow-24.5.2.jar:/home/otasowie/.m2/repository/com/vaadin/vaadin-tabs-flow/24.5.2/vaadin-tabs-flow-24.5.2.jar:/home/otasowie/.m2/repository/com/vaadin/vaadin-text-field-flow/24.5.2/vaadin-text-field-flow-24.5.2.jar:/home/otasowie/.m2/repository/com/vaadin/vaadin-upload-flow/24.5.2/vaadin-upload-flow-24.5.2.jar:/home/otasowie/.m2/repository/com/vaadin/vaadin-notification-flow/24.5.2/vaadin-notification-flow-24.5.2.jar:/home/otasowie/.m2/repository/com/vaadin/vaadin-app-layout-flow/24.5.2/vaadin-app-layout-flow-24.5.2.jar:/home/otasowie/.m2/repository/com/vaadin/vaadin-context-menu-flow/24.5.2/vaadin-context-menu-flow-24.5.2.jar:/home/otasowie/.m2/repository/com/vaadin/vaadin-menu-bar-flow/24.5.2/vaadin-menu-bar-flow-24.5.2.jar:/home/otasowie/.m2/repository/com/vaadin/collaboration-engine/6.3.0/collaboration-engine-6.3.0.jar:/home/otasowie/.m2/repository/com/vaadin/vaadin-dev/24.5.2/vaadin-dev-24.5.2.jar:/home/otasowie/.m2/repository/com/vaadin/vaadin-dev-server/24.5.2/vaadin-dev-server-24.5.2.jar:/home/otasowie/.m2/repository/com/vaadin/license-checker/1.13.0/license-checker-1.13.0.jar:/home/otasowie/.m2/repository/com/github/oshi/oshi-core/6.4.10/oshi-core-6.4.10.jar:/home/otasowie/.m2/repository/net/java/dev/jna/jna/5.14.0/jna-5.14.0.jar:/home/otasowie/.m2/repository/net/java/dev/jna/jna-platform/5.14.0/jna-platform-5.14.0.jar:/home/otasowie/.m2/repository/com/nimbusds/nimbus-jose-jwt/9.37.3/nimbus-jose-jwt-9.37.3.jar:/home/otasowie/.m2/repository/org/lucee/jcip-annotations/1.0.0/jcip-annotations-1.0.0.jar:/home/otasowie/.m2/repository/com/vaadin/open/8.5.0.3/open-8.5.0.3.jar:/home/otasowie/.m2/repository/com/github/javaparser/javaparser-core/3.26.2/javaparser-core-3.26.2.jar:/home/otasowie/.m2/repository/io/methvin/directory-watcher/0.18.0/directory-watcher-0.18.0.jar:/home/otasowie/.m2/repository/com/vaadin/vaadin-dev-bundle/24.5.2/vaadin-dev-bundle-24.5.2.jar:/home/otasowie/.m2/repository/com/vaadin/hilla-dev/24.5.2/hilla-dev-24.5.2.jar:/home/otasowie/.m2/repository/com/vaadin/copilot/24.5.2/copilot-24.5.2.jar:/home/otasowie/.m2/repository/io/projectreactor/netty/reactor-netty/1.1.23/reactor-netty-1.1.23.jar:/home/otasowie/.m2/repository/io/projectreactor/netty/reactor-netty-core/1.1.23/reactor-netty-core-1.1.23.jar:/home/otasowie/.m2/repository/io/netty/netty-handler/4.1.114.Final/netty-handler-4.1.114.Final.jar:/home/otasowie/.m2/repository/io/netty/netty-common/4.1.114.Final/netty-common-4.1.114.Final.jar:/home/otasowie/.m2/repository/io/netty/netty-resolver/4.1.114.Final/netty-resolver-4.1.114.Final.jar:/home/otasowie/.m2/repository/io/netty/netty-buffer/4.1.114.Final/netty-buffer-4.1.114.Final.jar:/home/otasowie/.m2/repository/io/netty/netty-transport/4.1.114.Final/netty-transport-4.1.114.Final.jar:/home/otasowie/.m2/repository/io/netty/netty-transport-native-unix-common/4.1.114.Final/netty-transport-native-unix-common-4.1.114.Final.jar:/home/otasowie/.m2/repository/io/netty/netty-codec/4.1.114.Final/netty-codec-4.1.114.Final.jar:/home/otasowie/.m2/repository/io/netty/netty-handler-proxy/4.1.114.Final/netty-handler-proxy-4.1.114.Final.jar:/home/otasowie/.m2/repository/io/netty/netty-codec-socks/4.1.114.Final/netty-codec-socks-4.1.114.Final.jar:/home/otasowie/.m2/repository/io/netty/netty-resolver-dns/4.1.114.Final/netty-resolver-dns-4.1.114.Final.jar:/home/otasowie/.m2/repository/io/netty/netty-codec-dns/4.1.114.Final/netty-codec-dns-4.1.114.Final.jar:/home/otasowie/.m2/repository/io/netty/netty-resolver-dns-native-macos/4.1.114.Final/netty-resolver-dns-native-macos-4.1.114.Final-osx-x86_64.jar:/home/otasowie/.m2/repository/io/netty/netty-resolver-dns-classes-macos/4.1.114.Final/netty-resolver-dns-classes-macos-4.1.114.Final.jar:/home/otasowie/.m2/repository/io/netty/netty-transport-native-epoll/4.1.114.Final/netty-transport-native-epoll-4.1.114.Final-linux-x86_64.jar:/home/otasowie/.m2/repository/io/netty/netty-transport-classes-epoll/4.1.114.Final/netty-transport-classes-epoll-4.1.114.Final.jar:/home/otasowie/.m2/repository/io/projectreactor/netty/reactor-netty-http/1.1.23/reactor-netty-http-1.1.23.jar:/home/otasowie/.m2/repository/io/netty/netty-codec-http/4.1.114.Final/netty-codec-http-4.1.114.Final.jar:/home/otasowie/.m2/repository/io/netty/netty-codec-http2/4.1.114.Final/netty-codec-http2-4.1.114.Final.jar:/home/otasowie/.m2/repository/io/projectreactor/netty/incubator/reactor-netty-incubator-quic/0.1.23/reactor-netty-incubator-quic-0.1.23.jar:/home/otasowie/.m2/repository/io/netty/incubator/netty-incubator-codec-native-quic/0.0.68.Final/netty-incubator-codec-native-quic-0.0.68.Final-linux-x86_64.jar:/home/otasowie/.m2/repository/io/netty/incubator/netty-incubator-codec-classes-quic/0.0.68.Final/netty-incubator-codec-classes-quic-0.0.68.Final.jar:/home/otasowie/.m2/repository/org/apache/commons/commons-configuration2/2.11.0/commons-configuration2-2.11.0.jar:/home/otasowie/.m2/repository/com/vaadin/hilla/24.5.2/hilla-24.5.2.jar:/home/otasowie/.m2/repository/com/vaadin/hilla-endpoint/24.5.2/hilla-endpoint-24.5.2.jar:/home/otasowie/.m2/repository/com/vaadin/hilla-engine-core/24.5.2/hilla-engine-core-24.5.2.jar:/home/otasowie/.m2/repository/com/vaadin/hilla-parser-jvm-core/24.5.2/hilla-parser-jvm-core-24.5.2.jar:/home/otasowie/.m2/repository/io/github/classgraph/classgraph/4.8.176/classgraph-4.8.176.jar:/home/otasowie/.m2/repository/com/fasterxml/jackson/dataformat/jackson-dataformat-yaml/2.17.2/jackson-dataformat-yaml-2.17.2.jar:/home/otasowie/.m2/repository/com/vaadin/hilla-parser-jvm-plugin-backbone/24.5.2/hilla-parser-jvm-plugin-backbone-24.5.2.jar:/home/otasowie/.m2/repository/com/vaadin/hilla-parser-jvm-plugin-nonnull/24.5.2/hilla-parser-jvm-plugin-nonnull-24.5.2.jar:/home/otasowie/.m2/repository/com/vaadin/hilla-parser-jvm-plugin-subtypes/24.5.2/hilla-parser-jvm-plugin-subtypes-24.5.2.jar:/home/otasowie/.m2/repository/com/vaadin/hilla-parser-jvm-plugin-model/24.5.2/hilla-parser-jvm-plugin-model-24.5.2.jar:/home/otasowie/.m2/repository/com/vaadin/hilla-parser-jvm-plugin-transfertypes/24.5.2/hilla-parser-jvm-plugin-transfertypes-24.5.2.jar:/home/otasowie/.m2/repository/io/projectreactor/reactor-core/3.6.11/reactor-core-3.6.11.jar:/home/otasowie/.m2/repository/org/reactivestreams/reactive-streams/1.0.4/reactive-streams-1.0.4.jar:/home/otasowie/.m2/repository/org/springframework/security/spring-security-core/6.3.4/spring-security-core-6.3.4.jar:/home/otasowie/.m2/repository/org/springframework/security/spring-security-crypto/6.3.4/spring-security-crypto-6.3.4.jar:/home/otasowie/.m2/repository/com/github/javaparser/javaparser-symbol-solver-core/3.26.2/javaparser-symbol-solver-core-3.26.2.jar:/home/otasowie/.m2/repository/com/google/guava/guava/33.3.0-jre/guava-33.3.0-jre.jar:/home/otasowie/.m2/repository/com/google/guava/failureaccess/1.0.2/failureaccess-1.0.2.jar:/home/otasowie/.m2/repository/com/google/guava/listenablefuture/9999.0-empty-to-avoid-conflict-with-guava/listenablefuture-9999.0-empty-to-avoid-conflict-with-guava.jar:/home/otasowie/.m2/repository/org/checkerframework/checker-qual/3.43.0/checker-qual-3.43.0.jar:/home/otasowie/.m2/repository/com/google/errorprone/error_prone_annotations/2.28.0/error_prone_annotations-2.28.0.jar:/home/otasowie/.m2/repository/com/google/j2objc/j2objc-annotations/3.0.0/j2objc-annotations-3.0.0.jar:/home/otasowie/.m2/repository/com/vaadin/hilla-parser-jvm-utils/24.5.2/hilla-parser-jvm-utils-24.5.2.jar:/home/otasowie/.m2/repository/io/swagger/core/v3/swagger-core/2.2.22/swagger-core-2.2.22.jar:/home/otasowie/.m2/repository/io/swagger/core/v3/swagger-annotations/2.2.22/swagger-annotations-2.2.22.jar:/home/otasowie/.m2/repository/io/swagger/core/v3/swagger-models/2.2.22/swagger-models-2.2.22.jar:/home/otasowie/.m2/repository/com/vaadin/hilla-runtime-plugin-transfertypes/24.5.2/hilla-runtime-plugin-transfertypes-24.5.2.jar:/home/otasowie/.m2/repository/com/vaadin/hilla-engine-runtime/24.5.2/hilla-engine-runtime-24.5.2.jar:/home/otasowie/.m2/repository/org/springframework/boot/spring-boot-devtools/3.3.5/spring-boot-devtools-3.3.5.jar:/home/otasowie/.m2/repository/org/springframework/boot/spring-boot/3.3.5/spring-boot-3.3.5.jar:/home/otasowie/.m2/repository/org/springframework/boot/spring-boot-autoconfigure/3.3.5/spring-boot-autoconfigure-3.3.5.jar:/home/otasowie/.m2/repository/com/h2database/h2/2.2.224/h2-2.2.224.jar:/home/otasowie/.m2/repository/org/liquibase/liquibase-core/4.27.0/liquibase-core-4.27.0.jar:/home/otasowie/.m2/repository/com/opencsv/opencsv/5.9/opencsv-5.9.jar:/home/otasowie/.m2/repository/org/apache/commons/commons-text/1.11.0/commons-text-1.11.0.jar:/home/otasowie/.m2/repository/org/apache/commons/commons-collections4/4.4/commons-collections4-4.4.jar:/home/otasowie/.m2/repository/org/yaml/snakeyaml/2.2/snakeyaml-2.2.jar:/home/otasowie/.m2/repository/javax/xml/bind/jaxb-api/2.3.1/jaxb-api-2.3.1.jar:/home/otasowie/.m2/repository/org/apache/commons/commons-lang3/3.14.0/commons-lang3-3.14.0.jar:/home/otasowie/.m2/repository/org/liquibase/liquibase-maven-plugin/4.27.0/liquibase-maven-plugin-4.27.0.jar:/home/otasowie/.m2/repository/org/liquibase/liquibase-commercial/4.27.0/liquibase-commercial-4.27.0.jar:/home/otasowie/.m2/repository/org/springframework/boot/spring-boot-starter-test/3.3.5/spring-boot-starter-test-3.3.5.jar:/home/otasowie/.m2/repository/org/springframework/boot/spring-boot-test/3.3.5/spring-boot-test-3.3.5.jar:/home/otasowie/.m2/repository/org/springframework/boot/spring-boot-test-autoconfigure/3.3.5/spring-boot-test-autoconfigure-3.3.5.jar:/home/otasowie/.m2/repository/com/jayway/jsonpath/json-path/2.9.0/json-path-2.9.0.jar:/home/otasowie/.m2/repository/jakarta/xml/bind/jakarta.xml.bind-api/4.0.2/jakarta.xml.bind-api-4.0.2.jar:/home/otasowie/.m2/repository/jakarta/activation/jakarta.activation-api/2.1.3/jakarta.activation-api-2.1.3.jar:/home/otasowie/.m2/repository/net/minidev/json-smart/2.5.1/json-smart-2.5.1.jar:/home/otasowie/.m2/repository/net/minidev/accessors-smart/2.5.1/accessors-smart-2.5.1.jar:/home/otasowie/.m2/repository/org/assertj/assertj-core/3.25.3/assertj-core-3.25.3.jar:/home/otasowie/.m2/repository/org/awaitility/awaitility/4.2.2/awaitility-4.2.2.jar:/home/otasowie/.m2/repository/org/hamcrest/hamcrest/2.2/hamcrest-2.2.jar:/home/otasowie/.m2/repository/org/junit/jupiter/junit-jupiter/5.10.5/junit-jupiter-5.10.5.jar:/home/otasowie/.m2/repository/org/junit/jupiter/junit-jupiter-api/5.10.5/junit-jupiter-api-5.10.5.jar:/home/otasowie/.m2/repository/org/opentest4j/opentest4j/1.3.0/opentest4j-1.3.0.jar:/home/otasowie/.m2/repository/org/junit/platform/junit-platform-commons/1.10.5/junit-platform-commons-1.10.5.jar:/home/otasowie/.m2/repository/org/apiguardian/apiguardian-api/1.1.2/apiguardian-api-1.1.2.jar:/home/otasowie/.m2/repository/org/junit/jupiter/junit-jupiter-params/5.10.5/junit-jupiter-params-5.10.5.jar:/home/otasowie/.m2/repository/org/junit/jupiter/junit-jupiter-engine/5.10.5/junit-jupiter-engine-5.10.5.jar:/home/otasowie/.m2/repository/org/junit/platform/junit-platform-engine/1.10.5/junit-platform-engine-1.10.5.jar:/home/otasowie/.m2/repository/org/mockito/mockito-core/5.11.0/mockito-core-5.11.0.jar:/home/otasowie/.m2/repository/net/bytebuddy/byte-buddy-agent/1.14.19/byte-buddy-agent-1.14.19.jar:/home/otasowie/.m2/repository/org/objenesis/objenesis/3.3/objenesis-3.3.jar:/home/otasowie/.m2/repository/org/mockito/mockito-junit-jupiter/5.11.0/mockito-junit-jupiter-5.11.0.jar:/home/otasowie/.m2/repository/org/skyscreamer/jsonassert/1.5.3/jsonassert-1.5.3.jar:/home/otasowie/.m2/repository/com/vaadin/external/google/android-json/0.0.20131108.vaadin1/android-json-0.0.20131108.vaadin1.jar:/home/otasowie/.m2/repository/org/springframework/spring-core/6.1.14/spring-core-6.1.14.jar:/home/otasowie/.m2/repository/org/springframework/spring-jcl/6.1.14/spring-jcl-6.1.14.jar:/home/otasowie/.m2/repository/org/springframework/spring-test/6.1.14/spring-test-6.1.14.jar:/home/otasowie/.m2/repository/org/xmlunit/xmlunit-core/2.9.1/xmlunit-core-2.9.1.jar:/home/otasowie/.m2/repository/org/projectlombok/lombok/1.18.34/lombok-1.18.34.jar:"/>
    <property name="java.vm.vendor" value="Ubuntu"/>
    <property name="sun.arch.data.model" value="64"/>
    <property name="spring.devtools.livereload.port" value="35729"/>
    <property name="java.vendor.url" value="https://ubuntu.com/"/>
    <property name="user.timezone" value="Europe/Stockholm"/>
    <property name="org.jboss.logging.provider" value="slf4j"/>
    <property name="os.name" value="Linux"/>
    <property name="java.vm.specification.version" value="21"/>
    <property name="sun.java.launcher" value="SUN_STANDARD"/>
    <property name="sun.boot.library.path" value="/usr/lib/jvm/java-21-openjdk-amd64/lib"/>
    <property name="sun.java.command" value="/mnt/c/wsl-share/code-dev/code-test/target/surefire/surefirebooter-20241103222002352_3.jar /mnt/c/wsl-share/code-dev/code-test/target/surefire 2024-11-03T22-20-02_145-jvmRun1 surefire-20241103222002352_1tmp surefire_0-20241103222002352_2tmp"/>
    <property name="jdk.debug" value="release"/>
    <property name="surefire.test.class.path" value="/mnt/c/wsl-share/code-dev/code-test/target/test-classes:/mnt/c/wsl-share/code-dev/code-test/target/classes:/home/otasowie/.m2/repository/org/springframework/boot/spring-boot-starter-data-jpa/3.3.5/spring-boot-starter-data-jpa-3.3.5.jar:/home/otasowie/.m2/repository/org/springframework/boot/spring-boot-starter-aop/3.3.5/spring-boot-starter-aop-3.3.5.jar:/home/otasowie/.m2/repository/org/springframework/spring-aop/6.1.14/spring-aop-6.1.14.jar:/home/otasowie/.m2/repository/org/aspectj/aspectjweaver/1.9.22.1/aspectjweaver-1.9.22.1.jar:/home/otasowie/.m2/repository/org/springframework/boot/spring-boot-starter-jdbc/3.3.5/spring-boot-starter-jdbc-3.3.5.jar:/home/otasowie/.m2/repository/com/zaxxer/HikariCP/5.1.0/HikariCP-5.1.0.jar:/home/otasowie/.m2/repository/org/springframework/spring-jdbc/6.1.14/spring-jdbc-6.1.14.jar:/home/otasowie/.m2/repository/org/hibernate/orm/hibernate-core/6.5.3.Final/hibernate-core-6.5.3.Final.jar:/home/otasowie/.m2/repository/jakarta/persistence/jakarta.persistence-api/3.1.0/jakarta.persistence-api-3.1.0.jar:/home/otasowie/.m2/repository/jakarta/transaction/jakarta.transaction-api/2.0.1/jakarta.transaction-api-2.0.1.jar:/home/otasowie/.m2/repository/org/jboss/logging/jboss-logging/3.5.3.Final/jboss-logging-3.5.3.Final.jar:/home/otasowie/.m2/repository/org/hibernate/common/hibernate-commons-annotations/6.0.6.Final/hibernate-commons-annotations-6.0.6.Final.jar:/home/otasowie/.m2/repository/io/smallrye/jandex/3.1.2/jandex-3.1.2.jar:/home/otasowie/.m2/repository/com/fasterxml/classmate/1.7.0/classmate-1.7.0.jar:/home/otasowie/.m2/repository/net/bytebuddy/byte-buddy/1.14.19/byte-buddy-1.14.19.jar:/home/otasowie/.m2/repository/org/glassfish/jaxb/jaxb-runtime/4.0.5/jaxb-runtime-4.0.5.jar:/home/otasowie/.m2/repository/org/glassfish/jaxb/jaxb-core/4.0.5/jaxb-core-4.0.5.jar:/home/otasowie/.m2/repository/org/eclipse/angus/angus-activation/2.0.2/angus-activation-2.0.2.jar:/home/otasowie/.m2/repository/org/glassfish/jaxb/txw2/4.0.5/txw2-4.0.5.jar:/home/otasowie/.m2/repository/com/sun/istack/istack-commons-runtime/4.1.2/istack-commons-runtime-4.1.2.jar:/home/otasowie/.m2/repository/jakarta/inject/jakarta.inject-api/2.0.1/jakarta.inject-api-2.0.1.jar:/home/otasowie/.m2/repository/org/antlr/antlr4-runtime/4.13.0/antlr4-runtime-4.13.0.jar:/home/otasowie/.m2/repository/org/springframework/data/spring-data-jpa/3.3.5/spring-data-jpa-3.3.5.jar:/home/otasowie/.m2/repository/org/springframework/data/spring-data-commons/3.3.5/spring-data-commons-3.3.5.jar:/home/otasowie/.m2/repository/org/springframework/spring-orm/6.1.14/spring-orm-6.1.14.jar:/home/otasowie/.m2/repository/org/springframework/spring-context/6.1.14/spring-context-6.1.14.jar:/home/otasowie/.m2/repository/org/springframework/spring-tx/6.1.14/spring-tx-6.1.14.jar:/home/otasowie/.m2/repository/org/springframework/spring-beans/6.1.14/spring-beans-6.1.14.jar:/home/otasowie/.m2/repository/jakarta/annotation/jakarta.annotation-api/2.1.1/jakarta.annotation-api-2.1.1.jar:/home/otasowie/.m2/repository/org/slf4j/slf4j-api/2.0.16/slf4j-api-2.0.16.jar:/home/otasowie/.m2/repository/org/springframework/spring-aspects/6.1.14/spring-aspects-6.1.14.jar:/home/otasowie/.m2/repository/org/springframework/boot/spring-boot-starter-web/3.3.5/spring-boot-starter-web-3.3.5.jar:/home/otasowie/.m2/repository/org/springframework/boot/spring-boot-starter/3.3.5/spring-boot-starter-3.3.5.jar:/home/otasowie/.m2/repository/org/springframework/boot/spring-boot-starter-logging/3.3.5/spring-boot-starter-logging-3.3.5.jar:/home/otasowie/.m2/repository/ch/qos/logback/logback-classic/1.5.11/logback-classic-1.5.11.jar:/home/otasowie/.m2/repository/ch/qos/logback/logback-core/1.5.11/logback-core-1.5.11.jar:/home/otasowie/.m2/repository/org/apache/logging/log4j/log4j-to-slf4j/2.23.1/log4j-to-slf4j-2.23.1.jar:/home/otasowie/.m2/repository/org/apache/logging/log4j/log4j-api/2.23.1/log4j-api-2.23.1.jar:/home/otasowie/.m2/repository/org/slf4j/jul-to-slf4j/2.0.16/jul-to-slf4j-2.0.16.jar:/home/otasowie/.m2/repository/org/springframework/boot/spring-boot-starter-json/3.3.5/spring-boot-starter-json-3.3.5.jar:/home/otasowie/.m2/repository/com/fasterxml/jackson/core/jackson-databind/2.17.2/jackson-databind-2.17.2.jar:/home/otasowie/.m2/repository/com/fasterxml/jackson/core/jackson-annotations/2.17.2/jackson-annotations-2.17.2.jar:/home/otasowie/.m2/repository/com/fasterxml/jackson/core/jackson-core/2.17.2/jackson-core-2.17.2.jar:/home/otasowie/.m2/repository/com/fasterxml/jackson/datatype/jackson-datatype-jdk8/2.17.2/jackson-datatype-jdk8-2.17.2.jar:/home/otasowie/.m2/repository/com/fasterxml/jackson/datatype/jackson-datatype-jsr310/2.17.2/jackson-datatype-jsr310-2.17.2.jar:/home/otasowie/.m2/repository/com/fasterxml/jackson/module/jackson-module-parameter-names/2.17.2/jackson-module-parameter-names-2.17.2.jar:/home/otasowie/.m2/repository/org/springframework/boot/spring-boot-starter-tomcat/3.3.5/spring-boot-starter-tomcat-3.3.5.jar:/home/otasowie/.m2/repository/org/apache/tomcat/embed/tomcat-embed-core/10.1.31/tomcat-embed-core-10.1.31.jar:/home/otasowie/.m2/repository/org/apache/tomcat/embed/tomcat-embed-el/10.1.31/tomcat-embed-el-10.1.31.jar:/home/otasowie/.m2/repository/org/apache/tomcat/embed/tomcat-embed-websocket/10.1.31/tomcat-embed-websocket-10.1.31.jar:/home/otasowie/.m2/repository/org/springframework/spring-web/6.1.14/spring-web-6.1.14.jar:/home/otasowie/.m2/repository/io/micrometer/micrometer-observation/1.13.6/micrometer-observation-1.13.6.jar:/home/otasowie/.m2/repository/io/micrometer/micrometer-commons/1.13.6/micrometer-commons-1.13.6.jar:/home/otasowie/.m2/repository/org/springframework/spring-webmvc/6.1.14/spring-webmvc-6.1.14.jar:/home/otasowie/.m2/repository/org/springframework/spring-expression/6.1.14/spring-expression-6.1.14.jar:/home/otasowie/.m2/repository/com/vaadin/vaadin-spring-boot-starter/24.5.2/vaadin-spring-boot-starter-24.5.2.jar:/home/otasowie/.m2/repository/com/vaadin/vaadin-spring/24.5.2/vaadin-spring-24.5.2.jar:/home/otasowie/.m2/repository/com/vaadin/flow-server/24.5.2/flow-server-24.5.2.jar:/home/otasowie/.m2/repository/com/vaadin/servletdetector/throw-if-servlet3/1.0.2/throw-if-servlet3-1.0.2.jar:/home/otasowie/.m2/repository/com/vaadin/external/gwt/gwt-elemental/2.8.2.vaadin2/gwt-elemental-2.8.2.vaadin2.jar:/home/otasowie/.m2/repository/org/apache/commons/commons-fileupload2-jakarta/2.0.0-M1/commons-fileupload2-jakarta-2.0.0-M1.jar:/home/otasowie/.m2/repository/org/apache/commons/commons-fileupload2-core/2.0.0-M1/commons-fileupload2-core-2.0.0-M1.jar:/home/otasowie/.m2/repository/commons-io/commons-io/2.17.0/commons-io-2.17.0.jar:/home/otasowie/.m2/repository/org/jsoup/jsoup/1.18.1/jsoup-1.18.1.jar:/home/otasowie/.m2/repository/com/helger/ph-css/7.0.2/ph-css-7.0.2.jar:/home/otasowie/.m2/repository/com/helger/commons/ph-commons/11.1.5/ph-commons-11.1.5.jar:/home/otasowie/.m2/repository/org/ow2/asm/asm/9.7/asm-9.7.jar:/home/otasowie/.m2/repository/com/vaadin/external/gentyref/1.2.0.vaadin1/gentyref-1.2.0.vaadin1.jar:/home/otasowie/.m2/repository/org/apache/commons/commons-compress/1.27.1/commons-compress-1.27.1.jar:/home/otasowie/.m2/repository/commons-codec/commons-codec/1.16.1/commons-codec-1.16.1.jar:/home/otasowie/.m2/repository/com/vaadin/flow-push/24.5.2/flow-push-24.5.2.jar:/home/otasowie/.m2/repository/com/vaadin/external/atmosphere/atmosphere-runtime/3.0.5.slf4jvaadin1/atmosphere-runtime-3.0.5.slf4jvaadin1.jar:/home/otasowie/.m2/repository/com/vaadin/flow-client/24.5.2/flow-client-24.5.2.jar:/home/otasowie/.m2/repository/org/springframework/spring-websocket/6.1.14/spring-websocket-6.1.14.jar:/home/otasowie/.m2/repository/org/hibernate/validator/hibernate-validator/8.0.1.Final/hibernate-validator-8.0.1.Final.jar:/home/otasowie/.m2/repository/jakarta/validation/jakarta.validation-api/3.0.2/jakarta.validation-api-3.0.2.jar:/home/otasowie/.m2/repository/org/reflections/reflections/0.10.2/reflections-0.10.2.jar:/home/otasowie/.m2/repository/com/google/code/findbugs/jsr305/3.0.2/jsr305-3.0.2.jar:/home/otasowie/.m2/repository/org/javassist/javassist/3.30.2-GA/javassist-3.30.2-GA.jar:/home/otasowie/.m2/repository/com/vaadin/vaadin-core/24.5.2/vaadin-core-24.5.2.jar:/home/otasowie/.m2/repository/com/vaadin/vaadin-core-internal/24.5.2/vaadin-core-internal-24.5.2.jar:/home/otasowie/.m2/repository/com/vaadin/flow-lit-template/24.5.2/flow-lit-template-24.5.2.jar:/home/otasowie/.m2/repository/com/vaadin/flow-react/24.5.2/flow-react-24.5.2.jar:/home/otasowie/.m2/repository/com/vaadin/flow-html-components/24.5.2/flow-html-components-24.5.2.jar:/home/otasowie/.m2/repository/com/vaadin/flow-data/24.5.2/flow-data-24.5.2.jar:/home/otasowie/.m2/repository/com/vaadin/flow-dnd/24.5.2/flow-dnd-24.5.2.jar:/home/otasowie/.m2/repository/com/vaadin/vaadin-lumo-theme/24.5.2/vaadin-lumo-theme-24.5.2.jar:/home/otasowie/.m2/repository/com/vaadin/vaadin-material-theme/24.5.2/vaadin-material-theme-24.5.2.jar:/home/otasowie/.m2/repository/com/vaadin/vaadin-accordion-flow/24.5.2/vaadin-accordion-flow-24.5.2.jar:/home/otasowie/.m2/repository/com/vaadin/vaadin-avatar-flow/24.5.2/vaadin-avatar-flow-24.5.2.jar:/home/otasowie/.m2/repository/com/vaadin/vaadin-flow-components-base/24.5.2/vaadin-flow-components-base-24.5.2.jar:/home/otasowie/.m2/repository/com/vaadin/vaadin-button-flow/24.5.2/vaadin-button-flow-24.5.2.jar:/home/otasowie/.m2/repository/com/vaadin/vaadin-checkbox-flow/24.5.2/vaadin-checkbox-flow-24.5.2.jar:/home/otasowie/.m2/repository/com/vaadin/vaadin-combo-box-flow/24.5.2/vaadin-combo-box-flow-24.5.2.jar:/home/otasowie/.m2/repository/com/vaadin/vaadin-confirm-dialog-flow/24.5.2/vaadin-confirm-dialog-flow-24.5.2.jar:/home/otasowie/.m2/repository/com/vaadin/vaadin-custom-field-flow/24.5.2/vaadin-custom-field-flow-24.5.2.jar:/home/otasowie/.m2/repository/com/vaadin/vaadin-date-picker-flow/24.5.2/vaadin-date-picker-flow-24.5.2.jar:/home/otasowie/.m2/repository/com/vaadin/vaadin-date-time-picker-flow/24.5.2/vaadin-date-time-picker-flow-24.5.2.jar:/home/otasowie/.m2/repository/com/vaadin/vaadin-details-flow/24.5.2/vaadin-details-flow-24.5.2.jar:/home/otasowie/.m2/repository/com/vaadin/vaadin-time-picker-flow/24.5.2/vaadin-time-picker-flow-24.5.2.jar:/home/otasowie/.m2/repository/com/vaadin/vaadin-select-flow/24.5.2/vaadin-select-flow-24.5.2.jar:/home/otasowie/.m2/repository/com/vaadin/vaadin-side-nav-flow/24.5.2/vaadin-side-nav-flow-24.5.2.jar:/home/otasowie/.m2/repository/com/vaadin/vaadin-dialog-flow/24.5.2/vaadin-dialog-flow-24.5.2.jar:/home/otasowie/.m2/repository/com/vaadin/vaadin-form-layout-flow/24.5.2/vaadin-form-layout-flow-24.5.2.jar:/home/otasowie/.m2/repository/com/vaadin/vaadin-field-highlighter-flow/24.5.2/vaadin-field-highlighter-flow-24.5.2.jar:/home/otasowie/.m2/repository/com/vaadin/vaadin-grid-flow/24.5.2/vaadin-grid-flow-24.5.2.jar:/home/otasowie/.m2/repository/com/vaadin/vaadin-icons-flow/24.5.2/vaadin-icons-flow-24.5.2.jar:/home/otasowie/.m2/repository/com/vaadin/vaadin-virtual-list-flow/24.5.2/vaadin-virtual-list-flow-24.5.2.jar:/home/otasowie/.m2/repository/com/vaadin/vaadin-list-box-flow/24.5.2/vaadin-list-box-flow-24.5.2.jar:/home/otasowie/.m2/repository/com/vaadin/vaadin-login-flow/24.5.2/vaadin-login-flow-24.5.2.jar:/home/otasowie/.m2/repository/com/vaadin/vaadin-messages-flow/24.5.2/vaadin-messages-flow-24.5.2.jar:/home/otasowie/.m2/repository/com/vaadin/vaadin-ordered-layout-flow/24.5.2/vaadin-ordered-layout-flow-24.5.2.jar:/home/otasowie/.m2/repository/com/vaadin/vaadin-progress-bar-flow/24.5.2/vaadin-progress-bar-flow-24.5.2.jar:/home/otasowie/.m2/repository/com/vaadin/vaadin-popover-flow/24.5.2/vaadin-popover-flow-24.5.2.jar:/home/otasowie/.m2/repository/com/vaadin/vaadin-radio-button-flow/24.5.2/vaadin-radio-button-flow-24.5.2.jar:/home/otasowie/.m2/repository/com/vaadin/vaadin-renderer-flow/24.5.2/vaadin-renderer-flow-24.5.2.jar:/home/otasowie/.m2/repository/com/vaadin/vaadin-split-layout-flow/24.5.2/vaadin-split-layout-flow-24.5.2.jar:/home/otasowie/.m2/repository/com/vaadin/vaadin-tabs-flow/24.5.2/vaadin-tabs-flow-24.5.2.jar:/home/otasowie/.m2/repository/com/vaadin/vaadin-text-field-flow/24.5.2/vaadin-text-field-flow-24.5.2.jar:/home/otasowie/.m2/repository/com/vaadin/vaadin-upload-flow/24.5.2/vaadin-upload-flow-24.5.2.jar:/home/otasowie/.m2/repository/com/vaadin/vaadin-notification-flow/24.5.2/vaadin-notification-flow-24.5.2.jar:/home/otasowie/.m2/repository/com/vaadin/vaadin-app-layout-flow/24.5.2/vaadin-app-layout-flow-24.5.2.jar:/home/otasowie/.m2/repository/com/vaadin/vaadin-context-menu-flow/24.5.2/vaadin-context-menu-flow-24.5.2.jar:/home/otasowie/.m2/repository/com/vaadin/vaadin-menu-bar-flow/24.5.2/vaadin-menu-bar-flow-24.5.2.jar:/home/otasowie/.m2/repository/com/vaadin/collaboration-engine/6.3.0/collaboration-engine-6.3.0.jar:/home/otasowie/.m2/repository/com/vaadin/vaadin-dev/24.5.2/vaadin-dev-24.5.2.jar:/home/otasowie/.m2/repository/com/vaadin/vaadin-dev-server/24.5.2/vaadin-dev-server-24.5.2.jar:/home/otasowie/.m2/repository/com/vaadin/license-checker/1.13.0/license-checker-1.13.0.jar:/home/otasowie/.m2/repository/com/github/oshi/oshi-core/6.4.10/oshi-core-6.4.10.jar:/home/otasowie/.m2/repository/net/java/dev/jna/jna/5.14.0/jna-5.14.0.jar:/home/otasowie/.m2/repository/net/java/dev/jna/jna-platform/5.14.0/jna-platform-5.14.0.jar:/home/otasowie/.m2/repository/com/nimbusds/nimbus-jose-jwt/9.37.3/nimbus-jose-jwt-9.37.3.jar:/home/otasowie/.m2/repository/org/lucee/jcip-annotations/1.0.0/jcip-annotations-1.0.0.jar:/home/otasowie/.m2/repository/com/vaadin/open/8.5.0.3/open-8.5.0.3.jar:/home/otasowie/.m2/repository/com/github/javaparser/javaparser-core/3.26.2/javaparser-core-3.26.2.jar:/home/otasowie/.m2/repository/io/methvin/directory-watcher/0.18.0/directory-watcher-0.18.0.jar:/home/otasowie/.m2/repository/com/vaadin/vaadin-dev-bundle/24.5.2/vaadin-dev-bundle-24.5.2.jar:/home/otasowie/.m2/repository/com/vaadin/hilla-dev/24.5.2/hilla-dev-24.5.2.jar:/home/otasowie/.m2/repository/com/vaadin/copilot/24.5.2/copilot-24.5.2.jar:/home/otasowie/.m2/repository/io/projectreactor/netty/reactor-netty/1.1.23/reactor-netty-1.1.23.jar:/home/otasowie/.m2/repository/io/projectreactor/netty/reactor-netty-core/1.1.23/reactor-netty-core-1.1.23.jar:/home/otasowie/.m2/repository/io/netty/netty-handler/4.1.114.Final/netty-handler-4.1.114.Final.jar:/home/otasowie/.m2/repository/io/netty/netty-common/4.1.114.Final/netty-common-4.1.114.Final.jar:/home/otasowie/.m2/repository/io/netty/netty-resolver/4.1.114.Final/netty-resolver-4.1.114.Final.jar:/home/otasowie/.m2/repository/io/netty/netty-buffer/4.1.114.Final/netty-buffer-4.1.114.Final.jar:/home/otasowie/.m2/repository/io/netty/netty-transport/4.1.114.Final/netty-transport-4.1.114.Final.jar:/home/otasowie/.m2/repository/io/netty/netty-transport-native-unix-common/4.1.114.Final/netty-transport-native-unix-common-4.1.114.Final.jar:/home/otasowie/.m2/repository/io/netty/netty-codec/4.1.114.Final/netty-codec-4.1.114.Final.jar:/home/otasowie/.m2/repository/io/netty/netty-handler-proxy/4.1.114.Final/netty-handler-proxy-4.1.114.Final.jar:/home/otasowie/.m2/repository/io/netty/netty-codec-socks/4.1.114.Final/netty-codec-socks-4.1.114.Final.jar:/home/otasowie/.m2/repository/io/netty/netty-resolver-dns/4.1.114.Final/netty-resolver-dns-4.1.114.Final.jar:/home/otasowie/.m2/repository/io/netty/netty-codec-dns/4.1.114.Final/netty-codec-dns-4.1.114.Final.jar:/home/otasowie/.m2/repository/io/netty/netty-resolver-dns-native-macos/4.1.114.Final/netty-resolver-dns-native-macos-4.1.114.Final-osx-x86_64.jar:/home/otasowie/.m2/repository/io/netty/netty-resolver-dns-classes-macos/4.1.114.Final/netty-resolver-dns-classes-macos-4.1.114.Final.jar:/home/otasowie/.m2/repository/io/netty/netty-transport-native-epoll/4.1.114.Final/netty-transport-native-epoll-4.1.114.Final-linux-x86_64.jar:/home/otasowie/.m2/repository/io/netty/netty-transport-classes-epoll/4.1.114.Final/netty-transport-classes-epoll-4.1.114.Final.jar:/home/otasowie/.m2/repository/io/projectreactor/netty/reactor-netty-http/1.1.23/reactor-netty-http-1.1.23.jar:/home/otasowie/.m2/repository/io/netty/netty-codec-http/4.1.114.Final/netty-codec-http-4.1.114.Final.jar:/home/otasowie/.m2/repository/io/netty/netty-codec-http2/4.1.114.Final/netty-codec-http2-4.1.114.Final.jar:/home/otasowie/.m2/repository/io/projectreactor/netty/incubator/reactor-netty-incubator-quic/0.1.23/reactor-netty-incubator-quic-0.1.23.jar:/home/otasowie/.m2/repository/io/netty/incubator/netty-incubator-codec-native-quic/0.0.68.Final/netty-incubator-codec-native-quic-0.0.68.Final-linux-x86_64.jar:/home/otasowie/.m2/repository/io/netty/incubator/netty-incubator-codec-classes-quic/0.0.68.Final/netty-incubator-codec-classes-quic-0.0.68.Final.jar:/home/otasowie/.m2/repository/org/apache/commons/commons-configuration2/2.11.0/commons-configuration2-2.11.0.jar:/home/otasowie/.m2/repository/com/vaadin/hilla/24.5.2/hilla-24.5.2.jar:/home/otasowie/.m2/repository/com/vaadin/hilla-endpoint/24.5.2/hilla-endpoint-24.5.2.jar:/home/otasowie/.m2/repository/com/vaadin/hilla-engine-core/24.5.2/hilla-engine-core-24.5.2.jar:/home/otasowie/.m2/repository/com/vaadin/hilla-parser-jvm-core/24.5.2/hilla-parser-jvm-core-24.5.2.jar:/home/otasowie/.m2/repository/io/github/classgraph/classgraph/4.8.176/classgraph-4.8.176.jar:/home/otasowie/.m2/repository/com/fasterxml/jackson/dataformat/jackson-dataformat-yaml/2.17.2/jackson-dataformat-yaml-2.17.2.jar:/home/otasowie/.m2/repository/com/vaadin/hilla-parser-jvm-plugin-backbone/24.5.2/hilla-parser-jvm-plugin-backbone-24.5.2.jar:/home/otasowie/.m2/repository/com/vaadin/hilla-parser-jvm-plugin-nonnull/24.5.2/hilla-parser-jvm-plugin-nonnull-24.5.2.jar:/home/otasowie/.m2/repository/com/vaadin/hilla-parser-jvm-plugin-subtypes/24.5.2/hilla-parser-jvm-plugin-subtypes-24.5.2.jar:/home/otasowie/.m2/repository/com/vaadin/hilla-parser-jvm-plugin-model/24.5.2/hilla-parser-jvm-plugin-model-24.5.2.jar:/home/otasowie/.m2/repository/com/vaadin/hilla-parser-jvm-plugin-transfertypes/24.5.2/hilla-parser-jvm-plugin-transfertypes-24.5.2.jar:/home/otasowie/.m2/repository/io/projectreactor/reactor-core/3.6.11/reactor-core-3.6.11.jar:/home/otasowie/.m2/repository/org/reactivestreams/reactive-streams/1.0.4/reactive-streams-1.0.4.jar:/home/otasowie/.m2/repository/org/springframework/security/spring-security-core/6.3.4/spring-security-core-6.3.4.jar:/home/otasowie/.m2/repository/org/springframework/security/spring-security-crypto/6.3.4/spring-security-crypto-6.3.4.jar:/home/otasowie/.m2/repository/com/github/javaparser/javaparser-symbol-solver-core/3.26.2/javaparser-symbol-solver-core-3.26.2.jar:/home/otasowie/.m2/repository/com/google/guava/guava/33.3.0-jre/guava-33.3.0-jre.jar:/home/otasowie/.m2/repository/com/google/guava/failureaccess/1.0.2/failureaccess-1.0.2.jar:/home/otasowie/.m2/repository/com/google/guava/listenablefuture/9999.0-empty-to-avoid-conflict-with-guava/listenablefuture-9999.0-empty-to-avoid-conflict-with-guava.jar:/home/otasowie/.m2/repository/org/checkerframework/checker-qual/3.43.0/checker-qual-3.43.0.jar:/home/otasowie/.m2/repository/com/google/errorprone/error_prone_annotations/2.28.0/error_prone_annotations-2.28.0.jar:/home/otasowie/.m2/repository/com/google/j2objc/j2objc-annotations/3.0.0/j2objc-annotations-3.0.0.jar:/home/otasowie/.m2/repository/com/vaadin/hilla-parser-jvm-utils/24.5.2/hilla-parser-jvm-utils-24.5.2.jar:/home/otasowie/.m2/repository/io/swagger/core/v3/swagger-core/2.2.22/swagger-core-2.2.22.jar:/home/otasowie/.m2/repository/io/swagger/core/v3/swagger-annotations/2.2.22/swagger-annotations-2.2.22.jar:/home/otasowie/.m2/repository/io/swagger/core/v3/swagger-models/2.2.22/swagger-models-2.2.22.jar:/home/otasowie/.m2/repository/com/vaadin/hilla-runtime-plugin-transfertypes/24.5.2/hilla-runtime-plugin-transfertypes-24.5.2.jar:/home/otasowie/.m2/repository/com/vaadin/hilla-engine-runtime/24.5.2/hilla-engine-runtime-24.5.2.jar:/home/otasowie/.m2/repository/org/springframework/boot/spring-boot-devtools/3.3.5/spring-boot-devtools-3.3.5.jar:/home/otasowie/.m2/repository/org/springframework/boot/spring-boot/3.3.5/spring-boot-3.3.5.jar:/home/otasowie/.m2/repository/org/springframework/boot/spring-boot-autoconfigure/3.3.5/spring-boot-autoconfigure-3.3.5.jar:/home/otasowie/.m2/repository/com/h2database/h2/2.2.224/h2-2.2.224.jar:/home/otasowie/.m2/repository/org/liquibase/liquibase-core/4.27.0/liquibase-core-4.27.0.jar:/home/otasowie/.m2/repository/com/opencsv/opencsv/5.9/opencsv-5.9.jar:/home/otasowie/.m2/repository/org/apache/commons/commons-text/1.11.0/commons-text-1.11.0.jar:/home/otasowie/.m2/repository/org/apache/commons/commons-collections4/4.4/commons-collections4-4.4.jar:/home/otasowie/.m2/repository/org/yaml/snakeyaml/2.2/snakeyaml-2.2.jar:/home/otasowie/.m2/repository/javax/xml/bind/jaxb-api/2.3.1/jaxb-api-2.3.1.jar:/home/otasowie/.m2/repository/org/apache/commons/commons-lang3/3.14.0/commons-lang3-3.14.0.jar:/home/otasowie/.m2/repository/org/liquibase/liquibase-maven-plugin/4.27.0/liquibase-maven-plugin-4.27.0.jar:/home/otasowie/.m2/repository/org/liquibase/liquibase-commercial/4.27.0/liquibase-commercial-4.27.0.jar:/home/otasowie/.m2/repository/org/springframework/boot/spring-boot-starter-test/3.3.5/spring-boot-starter-test-3.3.5.jar:/home/otasowie/.m2/repository/org/springframework/boot/spring-boot-test/3.3.5/spring-boot-test-3.3.5.jar:/home/otasowie/.m2/repository/org/springframework/boot/spring-boot-test-autoconfigure/3.3.5/spring-boot-test-autoconfigure-3.3.5.jar:/home/otasowie/.m2/repository/com/jayway/jsonpath/json-path/2.9.0/json-path-2.9.0.jar:/home/otasowie/.m2/repository/jakarta/xml/bind/jakarta.xml.bind-api/4.0.2/jakarta.xml.bind-api-4.0.2.jar:/home/otasowie/.m2/repository/jakarta/activation/jakarta.activation-api/2.1.3/jakarta.activation-api-2.1.3.jar:/home/otasowie/.m2/repository/net/minidev/json-smart/2.5.1/json-smart-2.5.1.jar:/home/otasowie/.m2/repository/net/minidev/accessors-smart/2.5.1/accessors-smart-2.5.1.jar:/home/otasowie/.m2/repository/org/assertj/assertj-core/3.25.3/assertj-core-3.25.3.jar:/home/otasowie/.m2/repository/org/awaitility/awaitility/4.2.2/awaitility-4.2.2.jar:/home/otasowie/.m2/repository/org/hamcrest/hamcrest/2.2/hamcrest-2.2.jar:/home/otasowie/.m2/repository/org/junit/jupiter/junit-jupiter/5.10.5/junit-jupiter-5.10.5.jar:/home/otasowie/.m2/repository/org/junit/jupiter/junit-jupiter-api/5.10.5/junit-jupiter-api-5.10.5.jar:/home/otasowie/.m2/repository/org/opentest4j/opentest4j/1.3.0/opentest4j-1.3.0.jar:/home/otasowie/.m2/repository/org/junit/platform/junit-platform-commons/1.10.5/junit-platform-commons-1.10.5.jar:/home/otasowie/.m2/repository/org/apiguardian/apiguardian-api/1.1.2/apiguardian-api-1.1.2.jar:/home/otasowie/.m2/repository/org/junit/jupiter/junit-jupiter-params/5.10.5/junit-jupiter-params-5.10.5.jar:/home/otasowie/.m2/repository/org/junit/jupiter/junit-jupiter-engine/5.10.5/junit-jupiter-engine-5.10.5.jar:/home/otasowie/.m2/repository/org/junit/platform/junit-platform-engine/1.10.5/junit-platform-engine-1.10.5.jar:/home/otasowie/.m2/repository/org/mockito/mockito-core/5.11.0/mockito-core-5.11.0.jar:/home/otasowie/.m2/repository/net/bytebuddy/byte-buddy-agent/1.14.19/byte-buddy-agent-1.14.19.jar:/home/otasowie/.m2/repository/org/objenesis/objenesis/3.3/objenesis-3.3.jar:/home/otasowie/.m2/repository/org/mockito/mockito-junit-jupiter/5.11.0/mockito-junit-jupiter-5.11.0.jar:/home/otasowie/.m2/repository/org/skyscreamer/jsonassert/1.5.3/jsonassert-1.5.3.jar:/home/otasowie/.m2/repository/com/vaadin/external/google/android-json/0.0.20131108.vaadin1/android-json-0.0.20131108.vaadin1.jar:/home/otasowie/.m2/repository/org/springframework/spring-core/6.1.14/spring-core-6.1.14.jar:/home/otasowie/.m2/repository/org/springframework/spring-jcl/6.1.14/spring-jcl-6.1.14.jar:/home/otasowie/.m2/repository/org/springframework/spring-test/6.1.14/spring-test-6.1.14.jar:/home/otasowie/.m2/repository/org/xmlunit/xmlunit-core/2.9.1/xmlunit-core-2.9.1.jar:/home/otasowie/.m2/repository/org/projectlombok/lombok/1.18.34/lombok-1.18.34.jar:"/>
    <property name="sun.cpu.endian" value="little"/>
    <property name="user.home" value="/home/otasowie"/>
    <property name="user.language" value="en"/>
    <property name="java.specification.vendor" value="Oracle Corporation"/>
    <property name="java.version.date" value="2024-07-16"/>
    <property name="java.home" value="/usr/lib/jvm/java-21-openjdk-amd64"/>
    <property name="file.separator" value="/"/>
    <property name="basedir" value="/mnt/c/wsl-share/code-dev/code-test"/>
    <property name="java.vm.compressedOopsMode" value="32-bit"/>
    <property name="line.separator" value="&#10;"/>
    <property name="java.specification.name" value="Java Platform API Specification"/>
    <property name="java.vm.specification.vendor" value="Oracle Corporation"/>
    <property name="FILE_LOG_CHARSET" value="UTF-8"/>
    <property name="java.awt.headless" value="true"/>
    <property name="surefire.real.class.path" value="/mnt/c/wsl-share/code-dev/code-test/target/surefire/surefirebooter-20241103222002352_3.jar"/>
    <property name="sun.management.compiler" value="HotSpot 64-Bit Tiered Compilers"/>
    <property name="java.runtime.version" value="21.0.4+7-Ubuntu-1ubuntu224.04"/>
    <property name="user.name" value="otasowie"/>
    <property name="stdout.encoding" value="UTF-8"/>
    <property name="path.separator" value=":"/>
    <property name="os.version" value="5.15.153.1-microsoft-standard-WSL2"/>
    <property name="java.runtime.name" value="OpenJDK Runtime Environment"/>
    <property name="file.encoding" value="UTF-8"/>
    <property name="java.vm.name" value="OpenJDK 64-Bit Server VM"/>
    <property name="localRepository" value="/home/otasowie/.m2/repository"/>
    <property name="java.vendor.url.bug" value="https://bugs.launchpad.net/ubuntu/+source/openjdk-21"/>
    <property name="java.io.tmpdir" value="/tmp"/>
    <property name="com.zaxxer.hikari.pool_number" value="1"/>
    <property name="java.version" value="21.0.4"/>
    <property name="user.dir" value="/mnt/c/wsl-share/code-dev/code-test"/>
    <property name="os.arch" value="amd64"/>
    <property name="java.vm.specification.name" value="Java Virtual Machine Specification"/>
    <property name="PID" value="49920"/>
    <property name="CONSOLE_LOG_CHARSET" value="UTF-8"/>
    <property name="native.encoding" value="UTF-8"/>
    <property name="java.library.path" value="/usr/java/packages/lib:/usr/lib/x86_64-linux-gnu/jni:/lib/x86_64-linux-gnu:/usr/lib/x86_64-linux-gnu:/usr/lib/jni:/lib:/usr/lib"/>
    <property name="stderr.encoding" value="UTF-8"/>
    <property name="java.vm.info" value="mixed mode, sharing"/>
    <property name="java.vendor" value="Ubuntu"/>
    <property name="java.vm.version" value="21.0.4+7-Ubuntu-1ubuntu224.04"/>
    <property name="sun.io.unicode.encoding" value="UnicodeLittle"/>
    <property name="java.class.version" value="65.0"/>
  </properties>
  <testcase name="TestCreateFruitStand" classname="org.iop.code_test_vaadin.FruitStandTests" time="0.001"/>
</testsuite>